Arguments: 
  /home/gabriel/.nvm/versions/node/v19.4.0/bin/node /home/gabriel/.nvm/versions/node/v19.4.0/bin/yarn add fatify

PATH: 
  /home/gabriel/.local/share/pnpm:/home/gabriel/.vscode-server/bin/7f329fe6c66b0f86ae1574c2911b681ad5a45d63/bin/remote-cli:/home/gabriel/.nvm/versions/node/v19.4.0/bin:/home/gabriel/.local/share/pnpm:/home/gabriel/.local/share/zinit/polaris/bin:/usr/local/sbin:/usr/local/bin:/usr/sbin:/usr/bin:/sbin:/bin:/usr/games:/usr/local/games:/usr/lib/wsl/lib:/mnt/c/Windows/system32:/mnt/c/Windows:/mnt/c/Windows/System32/Wbem:/mnt/c/Windows/System32/WindowsPowerShell/v1.0/:/mnt/c/Windows/System32/OpenSSH/:/mnt/c/Program Files (x86)/dotnet/:/mnt/c/Program Files/PuTTY/:/mnt/c/Users/GabrielPc/AppData/Local/Microsoft/WindowsApps:/mnt/c/Users/GabrielPc/AppData/Local/Programs/Microsoft VS Code/bin

Yarn version: 
  1.22.19

Node version: 
  19.4.0

Platform: 
  linux x64

Trace: 
  Error: https://registry.yarnpkg.com/fatify: Not found
      at params.callback [as _callback] (/home/gabriel/.nvm/versions/node/v19.4.0/lib/node_modules/yarn/lib/cli.js:66145:18)
      at self.callback (/home/gabriel/.nvm/versions/node/v19.4.0/lib/node_modules/yarn/lib/cli.js:140890:22)
      at Request.emit (node:events:513:28)
      at Request.<anonymous> (/home/gabriel/.nvm/versions/node/v19.4.0/lib/node_modules/yarn/lib/cli.js:141862:10)
      at Request.emit (node:events:513:28)
      at IncomingMessage.<anonymous> (/home/gabriel/.nvm/versions/node/v19.4.0/lib/node_modules/yarn/lib/cli.js:141784:12)
      at Object.onceWrapper (node:events:627:28)
      at IncomingMessage.emit (node:events:525:35)
      at endReadableNT (node:internal/streams/readable:1359:12)
      at process.processTicksAndRejections (node:internal/process/task_queues:82:21)

npm manifest: 
  {
    "name": "back-challenge",
    "version": "1.0.0",
    "main": "index.js",
    "license": "MIT"
  }

yarn manifest: 
  No manifest

Lockfile: 
  No lockfile
